[0713/174229.920:ERROR:process_memory_win.cc(73)] ReadMemory at 0x7ff76ed30000 of 64 bytes failed: Only part of a ReadProcessMemory or WriteProcessMemory request was completed. (0x12B)
[0713/174230.080:WARNING:pe_image_reader.cc(340)] could not read dos header from C:\Program Files (x86)\Google\Chrome\Application\chrome.exe
[0713/174230.080:ERROR:process_memory_win.cc(73)] ReadMemory at 0x7ffc79da0000 of 64 bytes failed: Only part of a ReadProcessMemory or WriteProcessMemory request was completed. (0x12B)
[0713/174230.080:WARNING:pe_image_reader.cc(340)] could not read dos header from C:\windows\SYSTEM32\ntdll.dll
[0713/174230.080:ERROR:process_memory_win.cc(73)] ReadMemory at 0x7ffc78a30000 of 64 bytes failed: Only part of a ReadProcessMemory or WriteProcessMemory request was completed. (0x12B)
[0713/174230.081:WARNING:pe_image_reader.cc(340)] could not read dos header from C:\windows\system32\KERNEL32.DLL
[0713/174230.081:ERROR:process_memory_win.cc(73)] ReadMemory at 0x7ffc76fa0000 of 64 bytes failed: Only part of a ReadProcessMemory or WriteProcessMemory request was completed. (0x12B)
[0713/174230.081:WARNING:pe_image_reader.cc(340)] could not read dos header from C:\windows\system32\KERNELBASE.dll
[0713/174230.081:ERROR:process_memory_win.cc(73)] ReadMemory at 0x7ffc4d470000 of 64 bytes failed: Only part of a ReadProcessMemory or WriteProcessMemory request was completed. (0x12B)
[0713/174230.081:WARNING:pe_image_reader.cc(340)] could not read dos header from C:\Program Files (x86)\Google\Chrome\Application\83.0.4103.116\chrome_elf.dll
[0713/174230.081:ERROR:process_memory_win.cc(73)] ReadMemory at 0x7ffc74c40000 of 64 bytes failed: Only part of a ReadProcessMemory or WriteProcessMemory request was completed. (0x12B)
[0713/174230.081:WARNING:pe_image_reader.cc(340)] could not read dos header from C:\windows\SYSTEM32\VERSION.dll
[0713/174230.081:ERROR:process_memory_win.cc(73)] ReadMemory at 0x7ffc79c20000 of 64 bytes failed: Only part of a ReadProcessMemory or WriteProcessMemory request was completed. (0x12B)
[0713/174230.081:WARNING:pe_image_reader.cc(340)] could not read dos header from C:\windows\system32\msvcrt.dll
[0713/174230.081:ERROR:process_memory_win.cc(73)] ReadMemory at 0x7ffc79150000 of 64 bytes failed: Only part of a ReadProcessMemory or WriteProcessMemory request was completed. (0x12B)
[0713/174230.082:WARNING:pe_image_reader.cc(340)] could not read dos header from C:\windows\system32\ADVAPI32.dll
[0713/174230.082:ERROR:process_memory_win.cc(73)] ReadMemory at 0x7ffc79cd0000 of 64 bytes failed: Only part of a ReadProcessMemory or WriteProcessMemory request was completed. (0x12B)
[0713/174230.082:WARNING:pe_image_reader.cc(340)] could not read dos header from C:\windows\SYSTEM32\sechost.dll
[0713/174230.082:ERROR:process_memory_win.cc(73)] ReadMemory at 0x7ffc79690000 of 64 bytes failed: Only part of a ReadProcessMemory or WriteProcessMemory request was completed. (0x12B)
[0713/174230.082:WARNING:pe_image_reader.cc(340)] could not read dos header from C:\windows\system32\RPCRT4.dll
[0713/174230.082:ERROR:process_memory_win.cc(73)] ReadMemory at 0x7ffc77170000 of 64 bytes failed: Only part of a ReadProcessMemory or WriteProcessMemory request was completed. (0x12B)
[0713/174230.082:WARNING:pe_image_reader.cc(340)] could not read dos header from C:\windows\system32\SspiCli.dll
[0713/174230.082:ERROR:process_memory_win.cc(73)] ReadMemory at 0x7ffc36010000 of 64 bytes failed: Only part of a ReadProcessMemory or WriteProcessMemory request was completed. (0x12B)
[0713/174230.082:WARNING:pe_image_reader.cc(340)] could not read dos header from C:\Program Files (x86)\Google\Chrome\Application\83.0.4103.116\chrome.dll
[0713/174230.083:ERROR:process_memory_win.cc(73)] ReadMemory at 0x7ffc79d30000 of 64 bytes failed: Only part of a ReadProcessMemory or WriteProcessMemory request was completed. (0x12B)
[0713/174230.083:WARNING:pe_image_reader.cc(340)] could not read dos header from C:\windows\system32\WS2_32.dll
[0713/174230.083:ERROR:process_memory_win.cc(73)] ReadMemory at 0x7ffc71e40000 of 64 bytes failed: Only part of a ReadProcessMemory or WriteProcessMemory request was completed. (0x12B)
[0713/174230.083:WARNING:pe_image_reader.cc(340)] could not read dos header from C:\windows\SYSTEM32\IPHLPAPI.DLL
[0713/174230.083:ERROR:process_memory_win.cc(73)] ReadMemory at 0x7ffc797d0000 of 64 bytes failed: Only part of a ReadProcessMemory or WriteProcessMemory request was completed. (0x12B)
[0713/174230.083:WARNING:pe_image_reader.cc(340)] could not read dos header from C:\windows\system32\OLEAUT32.dll
[0713/174230.083:ERROR:process_memory_win.cc(73)] ReadMemory at 0x7ffc750a0000 of 64 bytes failed: Only part of a ReadProcessMemory or WriteProcessMemory request was completed. (0x12B)
[0713/174230.083:WARNING:pe_image_reader.cc(340)] could not read dos header from C:\windows\SYSTEM32\WINMM.dll
[0713/174230.083:ERROR:process_memory_win.cc(73)] ReadMemory at 0x7ffc747b0000 of 64 bytes failed: Only part of a ReadProcessMemory or WriteProcessMemory request was completed. (0x12B)
[0713/174230.083:WARNING:pe_image_reader.cc(340)] could not read dos header from C:\windows\SYSTEM32\Secur32.dll
[0713/174230.083:ERROR:process_memory_win.cc(73)] ReadMemory at 0x7ffc76470000 of 64 bytes failed: Only part of a ReadProcessMemory or WriteProcessMemory request was completed. (0x12B)
[0713/174230.083:WARNING:pe_image_reader.cc(340)] could not read dos header from C:\windows\SYSTEM32\USERENV.dll
[0713/174230.083:ERROR:process_memory_win.cc(73)] ReadMemory at 0x7ffc773d0000 of 64 bytes failed: Only part of a ReadProcessMemory or WriteProcessMemory request was completed. (0x12B)
[0713/174230.083:WARNING:pe_image_reader.cc(340)] could not read dos header from C:\windows\system32\WINTRUST.dll
[0713/174230.083:ERROR:process_memory_win.cc(73)] ReadMemory at 0x7ffc73dc0000 of 64 bytes failed: Only part of a ReadProcessMemory or WriteProcessMemory request was completed. (0x12B)
[0713/174230.084:WARNING:pe_image_reader.cc(340)] could not read dos header from C:\windows\SYSTEM32\UIAutomationCore.DLL
[0713/174230.084:ERROR:process_memory_win.cc(73)] ReadMemory at 0x7ffc771a0000 of 64 bytes failed: Only part of a ReadProcessMemory or WriteProcessMemory request was completed. (0x12B)
[0713/174230.084:WARNING:pe_image_reader.cc(340)] could not read dos header from C:\windows\system32\CRYPT32.dll
[0713/174230.084:ERROR:process_memory_win.cc(73)] ReadMemory at 0x7ffc736c0000 of 64 bytes failed: Only part of a ReadProcessMemory or WriteProcessMemory request was completed. (0x12B)
[0713/174230.084:WARNING:pe_image_reader.cc(340)] could not read dos header from C:\windows\SYSTEM32\DWrite.dll
[0713/174230.084:ERROR:process_memory_win.cc(73)] ReadMemory at 0x7ffc6c100000 of 64 bytes failed: Only part of a ReadProcessMemory or WriteProcessMemory request was completed. (0x12B)
[0713/174230.084:WARNING:pe_image_reader.cc(340)] could not read dos header from C:\windows\SYSTEM32\WINSPOOL.DRV
[0713/174230.084:ERROR:process_memory_win.cc(73)] ReadMemory at 0x7ffc745c0000 of 64 bytes failed: Only part of a ReadProcessMemory or WriteProcessMemory request was completed. (0x12B)
[0713/174230.084:WARNING:pe_image_reader.cc(340)] could not read dos header from C:\windows\SYSTEM32\dbghelp.dll
[0713/174230.084:ERROR:process_memory_win.cc(73)] ReadMemory at 0x7ffc6e930000 of 64 bytes failed: Only part of a ReadProcessMemory or WriteProcessMemory request was completed. (0x12B)
[0713/174230.084:WARNING:pe_image_reader.cc(340)] could not read dos header from C:\windows\SYSTEM32\WINHTTP.dll
[0713/174230.084:ERROR:process_memory_win.cc(73)] ReadMemory at 0x7ffc71a10000 of 64 bytes failed: Only part of a ReadProcessMemory or WriteProcessMemory request was completed. (0x12B)
[0713/174230.084:WARNING:pe_image_reader.cc(340)] could not read dos header from C:\windows\SYSTEM32\dhcpcsvc.DLL
[0713/174230.084:ERROR:process_memory_win.cc(73)] ReadMemory at 0x7ffc77450000 of 64 bytes failed: Only part of a ReadProcessMemory or WriteProcessMemory request was completed. (0x12B)
[0713/174230.084:WARNING:pe_image_reader.cc(340)] could not read dos header from C:\windows\system32\NSI.dll
[0713/174230.084:ERROR:process_memory_win.cc(73)] ReadMemory at 0x7ffc71e00000 of 64 bytes failed: Only part of a ReadProcessMemory or WriteProcessMemory request was completed. (0x12B)
[0713/174230.085:WARNING:pe_image_reader.cc(340)] could not read dos header from C:\windows\SYSTEM32\WINNSI.DLL
[0713/174230.085:ERROR:process_memory_win.cc(73)] ReadMemory at 0x7ffc79480000 of 64 bytes failed: Only part of a ReadProcessMemory or WriteProcessMemory request was completed. (0x12B)
[0713/174230.085:WARNING:pe_image_reader.cc(340)] could not read dos header from C:\windows\system32\combase.dll
[0713/174230.085:ERROR:process_memory_win.cc(73)] ReadMemory at 0x7ffc74270000 of 64 bytes failed: Only part of a ReadProcessMemory or WriteProcessMemory request was completed. (0x12B)
[0713/174230.085:WARNING:pe_image_reader.cc(340)] could not read dos header from C:\windows\SYSTEM32\WINMMBASE.dll
[0713/174230.085:ERROR:process_memory_win.cc(73)] ReadMemory at 0x7ffc78d50000 of 64 bytes failed: Only part of a ReadProcessMemory or WriteProcessMemory request was completed. (0x12B)
[0713/174230.085:WARNING:pe_image_reader.cc(340)] could not read dos header from C:\windows\system32\USER32.dll
[0713/174230.085:ERROR:process_memory_win.cc(73)] ReadMemory at 0x7ffc76ed0000 of 64 bytes failed: Only part of a ReadProcessMemory or WriteProcessMemory request was completed. (0x12B)
[0713/174230.085:WARNING:pe_image_reader.cc(340)] could not read dos header from C:\windows\SYSTEM32\profapi.dll
[0713/174230.085:ERROR:process_memory_win.cc(73)] ReadMemory at 0x7ffc76f80000 of 64 bytes failed: Only part of a ReadProcessMemory or WriteProcessMemory request was completed. (0x12B)
[0713/174230.085:WARNING:pe_image_reader.cc(340)] could not read dos header from C:\windows\system32\MSASN1.dll
[0713/174230.085:ERROR:process_memory_win.cc(73)] ReadMemory at 0x7ffc77380000 of 64 bytes failed: Only part of a ReadProcessMemory or WriteProcessMemory request was completed. (0x12B)
[0713/174230.085:WARNING:pe_image_reader.cc(340)] could not read dos header from C:\windows\SYSTEM32\cfgmgr32.dll
[0713/174230.085:ERROR:process_memory_win.cc(73)] ReadMemory at 0x7ffc75ce0000 of 64 bytes failed: Only part of a ReadProcessMemory or WriteProcessMemory request was completed. (0x12B)
[0713/174230.085:WARNING:pe_image_reader.cc(340)] could not read dos header from C:\windows\SYSTEM32\DEVOBJ.dll
[0713/174230.086:ERROR:process_memory_win.cc(73)] ReadMemory at 0x7ffc798a0000 of 64 bytes failed: Only part of a ReadProcessMemory or WriteProcessMemory request was completed. (0x12B)
[0713/174230.086:WARNING:pe_image_reader.cc(340)] could not read dos header from C:\windows\system32\GDI32.dll
[0713/174230.086:ERROR:process_memory_win.cc(73)] ReadMemory at 0x7ffc78990000 of 64 bytes failed: Only part of a ReadProcessMemory or WriteProcessMemory request was completed. (0x12B)
[0713/174230.086:WARNING:pe_image_reader.cc(340)] could not read dos header from C:\windows\system32\IMM32.DLL
[0713/174230.086:ERROR:process_memory_win.cc(73)] ReadMemory at 0x363c750000 of 64 bytes failed: Only part of a ReadProcessMemory or WriteProcessMemory request was completed. (0x12B)
[0713/174230.086:WARNING:pe_image_reader.cc(340)] could not read dos header from C:\windows\system32\MSCTF.dll
[0713/174230.086:ERROR:process_memory_win.cc(73)] ReadMemory at 0x7ffc76da0000 of 64 bytes failed: Only part of a ReadProcessMemory or WriteProcessMemory request was completed. (0x12B)
[0713/174230.086:WARNING:pe_image_reader.cc(340)] could not read dos header from C:\windows\SYSTEM32\CRYPTBASE.DLL
[0713/174230.086:ERROR:process_memory_win.cc(73)] ReadMemory at 0x7ffc76d30000 of 64 bytes failed: Only part of a ReadProcessMemory or WriteProcessMemory request was completed. (0x12B)
[0713/174230.086:WARNING:pe_image_reader.cc(340)] could not read dos header from C:\windows\SYSTEM32\bcryptPrimitives.dll
[0713/174230.086:ERROR:process_memory_win.cc(73)] ReadMemory at 0x7ff76ed30000 of 64 bytes failed: Only part of a ReadProcessMemory or WriteProcessMemory request was completed. (0x12B)
[0713/174230.086:WARNING:pe_image_reader.cc(340)] could not read dos header from C:\Program Files (x86)\Google\Chrome\Application\chrome.exe
[0713/174230.086:ERROR:process_memory_win.cc(73)] ReadMemory at 0x7ffc79da0000 of 64 bytes failed: Only part of a ReadProcessMemory or WriteProcessMemory request was completed. (0x12B)
[0713/174230.086:WARNING:pe_image_reader.cc(340)] could not read dos header from C:\windows\SYSTEM32\ntdll.dll
[0713/174230.086:ERROR:process_memory_win.cc(73)] ReadMemory at 0x7ffc78a30000 of 64 bytes failed: Only part of a ReadProcessMemory or WriteProcessMemory request was completed. (0x12B)
[0713/174230.086:WARNING:pe_image_reader.cc(340)] could not read dos header from C:\windows\system32\KERNEL32.DLL
[0713/174230.087:ERROR:process_memory_win.cc(73)] ReadMemory at 0x7ffc76fa0000 of 64 bytes failed: Only part of a ReadProcessMemory or WriteProcessMemory request was completed. (0x12B)
[0713/174230.087:WARNING:pe_image_reader.cc(340)] could not read dos header from C:\windows\system32\KERNELBASE.dll
[0713/174230.087:ERROR:process_memory_win.cc(73)] ReadMemory at 0x7ffc4d470000 of 64 bytes failed: Only part of a ReadProcessMemory or WriteProcessMemory request was completed. (0x12B)
[0713/174230.087:WARNING:pe_image_reader.cc(340)] could not read dos header from C:\Program Files (x86)\Google\Chrome\Application\83.0.4103.116\chrome_elf.dll
[0713/174230.087:ERROR:process_memory_win.cc(73)] ReadMemory at 0x7ffc74c40000 of 64 bytes failed: Only part of a ReadProcessMemory or WriteProcessMemory request was completed. (0x12B)
[0713/174230.087:WARNING:pe_image_reader.cc(340)] could not read dos header from C:\windows\SYSTEM32\VERSION.dll
[0713/174230.087:ERROR:process_memory_win.cc(73)] ReadMemory at 0x7ffc79c20000 of 64 bytes failed: Only part of a ReadProcessMemory or WriteProcessMemory request was completed. (0x12B)
[0713/174230.087:WARNING:pe_image_reader.cc(340)] could not read dos header from C:\windows\system32\msvcrt.dll
[0713/174230.087:ERROR:process_memory_win.cc(73)] ReadMemory at 0x7ffc79150000 of 64 bytes failed: Only part of a ReadProcessMemory or WriteProcessMemory request was completed. (0x12B)
[0713/174230.087:WARNING:pe_image_reader.cc(340)] could not read dos header from C:\windows\system32\ADVAPI32.dll
[0713/174230.087:ERROR:process_memory_win.cc(73)] ReadMemory at 0x7ffc79cd0000 of 64 bytes failed: Only part of a ReadProcessMemory or WriteProcessMemory request was completed. (0x12B)
[0713/174230.087:WARNING:pe_image_reader.cc(340)] could not read dos header from C:\windows\SYSTEM32\sechost.dll
[0713/174230.087:ERROR:process_memory_win.cc(73)] ReadMemory at 0x7ffc79690000 of 64 bytes failed: Only part of a ReadProcessMemory or WriteProcessMemory request was completed. (0x12B)
[0713/174230.087:WARNING:pe_image_reader.cc(340)] could not read dos header from C:\windows\system32\RPCRT4.dll
[0713/174230.087:ERROR:process_memory_win.cc(73)] ReadMemory at 0x7ffc77170000 of 64 bytes failed: Only part of a ReadProcessMemory or WriteProcessMemory request was completed. (0x12B)
[0713/174230.088:WARNING:pe_image_reader.cc(340)] could not read dos header from C:\windows\system32\SspiCli.dll
[0713/174230.088:ERROR:process_memory_win.cc(73)] ReadMemory at 0x7ffc36010000 of 64 bytes failed: Only part of a ReadProcessMemory or WriteProcessMemory request was completed. (0x12B)
[0713/174230.088:WARNING:pe_image_reader.cc(340)] could not read dos header from C:\Program Files (x86)\Google\Chrome\Application\83.0.4103.116\chrome.dll
[0713/174230.088:ERROR:process_memory_win.cc(73)] ReadMemory at 0x7ffc79d30000 of 64 bytes failed: Only part of a ReadProcessMemory or WriteProcessMemory request was completed. (0x12B)
[0713/174230.088:WARNING:pe_image_reader.cc(340)] could not read dos header from C:\windows\system32\WS2_32.dll
[0713/174230.088:ERROR:process_memory_win.cc(73)] ReadMemory at 0x7ffc71e40000 of 64 bytes failed: Only part of a ReadProcessMemory or WriteProcessMemory request was completed. (0x12B)
[0713/174230.088:WARNING:pe_image_reader.cc(340)] could not read dos header from C:\windows\SYSTEM32\IPHLPAPI.DLL
[0713/174230.088:ERROR:process_memory_win.cc(73)] ReadMemory at 0x7ffc797d0000 of 64 bytes failed: Only part of a ReadProcessMemory or WriteProcessMemory request was completed. (0x12B)
[0713/174230.088:WARNING:pe_image_reader.cc(340)] could not read dos header from C:\windows\system32\OLEAUT32.dll
[0713/174230.088:ERROR:process_memory_win.cc(73)] ReadMemory at 0x7ffc750a0000 of 64 bytes failed: Only part of a ReadProcessMemory or WriteProcessMemory request was completed. (0x12B)
[0713/174230.088:WARNING:pe_image_reader.cc(340)] could not read dos header from C:\windows\SYSTEM32\WINMM.dll
[0713/174230.088:ERROR:process_memory_win.cc(73)] ReadMemory at 0x7ffc747b0000 of 64 bytes failed: Only part of a ReadProcessMemory or WriteProcessMemory request was completed. (0x12B)
[0713/174230.088:WARNING:pe_image_reader.cc(340)] could not read dos header from C:\windows\SYSTEM32\Secur32.dll
[0713/174230.088:ERROR:process_memory_win.cc(73)] ReadMemory at 0x7ffc76470000 of 64 bytes failed: Only part of a ReadProcessMemory or WriteProcessMemory request was completed. (0x12B)
[0713/174230.088:WARNING:pe_image_reader.cc(340)] could not read dos header from C:\windows\SYSTEM32\USERENV.dll
[0713/174230.088:ERROR:process_memory_win.cc(73)] ReadMemory at 0x7ffc773d0000 of 64 bytes failed: Only part of a ReadProcessMemory or WriteProcessMemory request was completed. (0x12B)
[0713/174230.089:WARNING:pe_image_reader.cc(340)] could not read dos header from C:\windows\system32\WINTRUST.dll
[0713/174230.089:ERROR:process_memory_win.cc(73)] ReadMemory at 0x7ffc73dc0000 of 64 bytes failed: Only part of a ReadProcessMemory or WriteProcessMemory request was completed. (0x12B)
[0713/174230.089:WARNING:pe_image_reader.cc(340)] could not read dos header from C:\windows\SYSTEM32\UIAutomationCore.DLL
[0713/174230.089:ERROR:process_memory_win.cc(73)] ReadMemory at 0x7ffc771a0000 of 64 bytes failed: Only part of a ReadProcessMemory or WriteProcessMemory request was completed. (0x12B)
[0713/174230.089:WARNING:pe_image_reader.cc(340)] could not read dos header from C:\windows\system32\CRYPT32.dll
[0713/174230.089:ERROR:process_memory_win.cc(73)] ReadMemory at 0x7ffc736c0000 of 64 bytes failed: Only part of a ReadProcessMemory or WriteProcessMemory request was completed. (0x12B)
[0713/174230.089:WARNING:pe_image_reader.cc(340)] could not read dos header from C:\windows\SYSTEM32\DWrite.dll
[0713/174230.089:ERROR:process_memory_win.cc(73)] ReadMemory at 0x7ffc6c100000 of 64 bytes failed: Only part of a ReadProcessMemory or WriteProcessMemory request was completed. (0x12B)
[0713/174230.089:WARNING:pe_image_reader.cc(340)] could not read dos header from C:\windows\SYSTEM32\WINSPOOL.DRV
[0713/174230.089:ERROR:process_memory_win.cc(73)] ReadMemory at 0x7ffc745c0000 of 64 bytes failed: Only part of a ReadProcessMemory or WriteProcessMemory request was completed. (0x12B)
[0713/174230.089:WARNING:pe_image_reader.cc(340)] could not read dos header from C:\windows\SYSTEM32\dbghelp.dll
[0713/174230.089:ERROR:process_memory_win.cc(73)] ReadMemory at 0x7ffc6e930000 of 64 bytes failed: Only part of a ReadProcessMemory or WriteProcessMemory request was completed. (0x12B)
[0713/174230.089:WARNING:pe_image_reader.cc(340)] could not read dos header from C:\windows\SYSTEM32\WINHTTP.dll
[0713/174230.089:ERROR:process_memory_win.cc(73)] ReadMemory at 0x7ffc71a10000 of 64 bytes failed: Only part of a ReadProcessMemory or WriteProcessMemory request was completed. (0x12B)
[0713/174230.089:WARNING:pe_image_reader.cc(340)] could not read dos header from C:\windows\SYSTEM32\dhcpcsvc.DLL
[0713/174230.089:ERROR:process_memory_win.cc(73)] ReadMemory at 0x7ffc77450000 of 64 bytes failed: Only part of a ReadProcessMemory or WriteProcessMemory request was completed. (0x12B)
[0713/174230.089:WARNING:pe_image_reader.cc(340)] could not read dos header from C:\windows\system32\NSI.dll
[0713/174230.090:ERROR:process_memory_win.cc(73)] ReadMemory at 0x7ffc71e00000 of 64 bytes failed: Only part of a ReadProcessMemory or WriteProcessMemory request was completed. (0x12B)
[0713/174230.090:WARNING:pe_image_reader.cc(340)] could not read dos header from C:\windows\SYSTEM32\WINNSI.DLL
[0713/174230.090:ERROR:process_memory_win.cc(73)] ReadMemory at 0x7ffc79480000 of 64 bytes failed: Only part of a ReadProcessMemory or WriteProcessMemory request was completed. (0x12B)
[0713/174230.090:WARNING:pe_image_reader.cc(340)] could not read dos header from C:\windows\system32\combase.dll
[0713/174230.090:ERROR:process_memory_win.cc(73)] ReadMemory at 0x7ffc74270000 of 64 bytes failed: Only part of a ReadProcessMemory or WriteProcessMemory request was completed. (0x12B)
[0713/174230.090:WARNING:pe_image_reader.cc(340)] could not read dos header from C:\windows\SYSTEM32\WINMMBASE.dll
[0713/174230.090:ERROR:process_memory_win.cc(73)] ReadMemory at 0x7ffc78d50000 of 64 bytes failed: Only part of a ReadProcessMemory or WriteProcessMemory request was completed. (0x12B)
[0713/174230.091:WARNING:pe_image_reader.cc(340)] could not read dos header from C:\windows\system32\USER32.dll
[0713/174230.091:ERROR:process_memory_win.cc(73)] ReadMemory at 0x7ffc76ed0000 of 64 bytes failed: Only part of a ReadProcessMemory or WriteProcessMemory request was completed. (0x12B)
[0713/174230.091:WARNING:pe_image_reader.cc(340)] could not read dos header from C:\windows\SYSTEM32\profapi.dll
[0713/174230.091:ERROR:process_memory_win.cc(73)] ReadMemory at 0x7ffc76f80000 of 64 bytes failed: Only part of a ReadProcessMemory or WriteProcessMemory request was completed. (0x12B)
[0713/174230.091:WARNING:pe_image_reader.cc(340)] could not read dos header from C:\windows\system32\MSASN1.dll
[0713/174230.091:ERROR:process_memory_win.cc(73)] ReadMemory at 0x7ffc77380000 of 64 bytes failed: Only part of a ReadProcessMemory or WriteProcessMemory request was completed. (0x12B)
[0713/174230.091:WARNING:pe_image_reader.cc(340)] could not read dos header from C:\windows\SYSTEM32\cfgmgr32.dll
[0713/174230.091:ERROR:process_memory_win.cc(73)] ReadMemory at 0x7ffc75ce0000 of 64 bytes failed: Only part of a ReadProcessMemory or WriteProcessMemory request was completed. (0x12B)
[0713/174230.091:WARNING:pe_image_reader.cc(340)] could not read dos header from C:\windows\SYSTEM32\DEVOBJ.dll
[0713/174230.091:ERROR:process_memory_win.cc(73)] ReadMemory at 0x7ffc798a0000 of 64 bytes failed: Only part of a ReadProcessMemory or WriteProcessMemory request was completed. (0x12B)
[0713/174230.091:WARNING:pe_image_reader.cc(340)] could not read dos header from C:\windows\system32\GDI32.dll
[0713/174230.092:ERROR:process_memory_win.cc(73)] ReadMemory at 0x7ffc78990000 of 64 bytes failed: Only part of a ReadProcessMemory or WriteProcessMemory request was completed. (0x12B)
[0713/174230.094:WARNING:pe_image_reader.cc(340)] could not read dos header from C:\windows\system32\IMM32.DLL
[0713/174230.094:ERROR:process_memory_win.cc(73)] ReadMemory at 0x363c750000 of 64 bytes failed: Only part of a ReadProcessMemory or WriteProcessMemory request was completed. (0x12B)
[0713/174230.094:WARNING:pe_image_reader.cc(340)] could not read dos header from C:\windows\system32\MSCTF.dll
[0713/174230.094:ERROR:process_memory_win.cc(73)] ReadMemory at 0x7ffc76da0000 of 64 bytes failed: Only part of a ReadProcessMemory or WriteProcessMemory request was completed. (0x12B)
[0713/174230.094:WARNING:pe_image_reader.cc(340)] could not read dos header from C:\windows\SYSTEM32\CRYPTBASE.DLL
[0713/174230.094:ERROR:process_memory_win.cc(73)] ReadMemory at 0x7ffc76d30000 of 64 bytes failed: Only part of a ReadProcessMemory or WriteProcessMemory request was completed. (0x12B)
[0713/174230.094:WARNING:pe_image_reader.cc(340)] could not read dos header from C:\windows\SYSTEM32\bcryptPrimitives.dll
[0713/174230.169:ERROR:process_memory_win.cc(73)] ReadMemory at 0x363be03000 of 53248 bytes failed: Only part of a ReadProcessMemory or WriteProcessMemory request was completed. (0x12B)
[0713/174230.169:ERROR:process_memory_win.cc(73)] ReadMemory at 0x363e6ed000 of 12288 bytes failed: Only part of a ReadProcessMemory or WriteProcessMemory request was completed. (0x12B)
[0713/174230.169:ERROR:process_memory_win.cc(73)] ReadMemory at 0x363f6ed000 of 12288 bytes failed: Only part of a ReadProcessMemory or WriteProcessMemory request was completed. (0x12B)
[0713/174230.169:ERROR:process_memory_win.cc(73)] ReadMemory at 0x363feeb000 of 20480 bytes failed: Only part of a ReadProcessMemory or WriteProcessMemory request was completed. (0x12B)
[0713/174230.169:ERROR:process_memory_win.cc(73)] ReadMemory at 0x36406ee000 of 8192 bytes failed: Only part of a ReadProcessMemory or WriteProcessMemory request was completed. (0x12B)
[0713/174230.170:ERROR:process_memory_win.cc(73)] ReadMemory at 0x3640eec000 of 16384 bytes failed: Only part of a ReadProcessMemory or WriteProcessMemory request was completed. (0x12B)
[0713/174230.170:ERROR:process_memory_win.cc(73)] ReadMemory at 0x36418eb000 of 20480 bytes failed: Only part of a ReadProcessMemory or WriteProcessMemory request was completed. (0x12B)
[0713/174230.170:ERROR:process_memory_win.cc(73)] ReadMemory at 0x36428ed000 of 12288 bytes failed: Only part of a ReadProcessMemory or WriteProcessMemory request was completed. (0x12B)
[0713/174230.170:ERROR:process_memory_win.cc(73)] ReadMemory at 0x36432eb000 of 20480 bytes failed: Only part of a ReadProcessMemory or WriteProcessMemory request was completed. (0x12B)
[0713/174230.170:ERROR:process_memory_win.cc(73)] ReadMemory at 0x3643aeb000 of 20480 bytes failed: Only part of a ReadProcessMemory or WriteProcessMemory request was completed. (0x12B)
[0713/174230.170:ERROR:process_memory_win.cc(73)] ReadMemory at 0x36442eb000 of 20480 bytes failed: Only part of a ReadProcessMemory or WriteProcessMemory request was completed. (0x12B)
[0713/174230.170:ERROR:process_memory_win.cc(73)] ReadMemory at 0x3644b6d000 of 12288 bytes failed: Only part of a ReadProcessMemory or WriteProcessMemory request was completed. (0x12B)
[0713/174230.170:ERROR:process_memory_win.cc(73)] ReadMemory at 0x36478f6000 of 40960 bytes failed: Only part of a ReadProcessMemory or WriteProcessMemory request was completed. (0x12B)
[0713/174230.170:ERROR:process_memory_win.cc(73)] ReadMemory at 0x3645b66000 of 40960 bytes failed: Only part of a ReadProcessMemory or WriteProcessMemory request was completed. (0x12B)
[0713/174230.171:ERROR:process_memory_win.cc(73)] ReadMemory at 0x3646ba6000 of 40960 bytes failed: Only part of a ReadProcessMemory or WriteProcessMemory request was completed. (0x12B)
[0713/174230.171:ERROR:process_memory_win.cc(73)] ReadMemory at 0x364ceae000 of 8192 bytes failed: Only part of a ReadProcessMemory or WriteProcessMemory request was completed. (0x12B)
[0713/174230.171:ERROR:process_memory_win.cc(73)] ReadMemory at 0x363be70860 of 15098 bytes failed: Only part of a ReadProcessMemory or WriteProcessMemory request was completed. (0x12B)
[0713/174230.171:ERROR:process_memory_win.cc(73)] ReadMemory at 0x363be74370 of 1012 bytes failed: Only part of a ReadProcessMemory or WriteProcessMemory request was completed. (0x12B)
[0713/174230.171:ERROR:process_memory_win.cc(73)] ReadMemory at 0x363be74988 of 118 bytes failed: Only part of a ReadProcessMemory or WriteProcessMemory request was completed. (0x12B)
[0713/174230.171:ERROR:process_memory_win.cc(73)] ReadMemory at 0x363be74a00 of 762 bytes failed: Only part of a ReadProcessMemory or WriteProcessMemory request was completed. (0x12B)
[0713/174230.172:ERROR:process_memory_win.cc(73)] ReadMemory at 0x363be74cfc of 118 bytes failed: Only part of a ReadProcessMemory or WriteProcessMemory request was completed. (0x12B)
[0713/174230.172:ERROR:process_memory_win.cc(73)] ReadMemory at 0x363be74d74 of 102 bytes failed: Only part of a ReadProcessMemory or WriteProcessMemory request was completed. (0x12B)
[0713/174230.172:ERROR:process_memory_win.cc(73)] ReadMemory at 0x363be74df0 of 58 bytes failed: Only part of a ReadProcessMemory or WriteProcessMemory request was completed. (0x12B)
[0713/174230.172:ERROR:process_memory_win.cc(73)] ReadMemory at 0x363be74ef0 of 132 bytes failed: Only part of a ReadProcessMemory or WriteProcessMemory request was completed. (0x12B)
[0713/174230.172:ERROR:process_memory_win.cc(73)] ReadMemory at 0x363be75070 of 132 bytes failed: Only part of a ReadProcessMemory or WriteProcessMemory request was completed. (0x12B)
[0713/174230.172:ERROR:process_memory_win.cc(73)] ReadMemory at 0x363be75280 of 126 bytes failed: Only part of a ReadProcessMemory or WriteProcessMemory request was completed. (0x12B)
[0713/174230.172:ERROR:process_memory_win.cc(73)] ReadMemory at 0x363be75570 of 64 bytes failed: Only part of a ReadProcessMemory or WriteProcessMemory request was completed. (0x12B)
[0713/174230.172:ERROR:process_memory_win.cc(73)] ReadMemory at 0x363be755c0 of 132 bytes failed: Only part of a ReadProcessMemory or WriteProcessMemory request was completed. (0x12B)
[0713/174230.172:ERROR:process_memory_win.cc(73)] ReadMemory at 0x363be75880 of 154 bytes failed: Only part of a ReadProcessMemory or WriteProcessMemory request was completed. (0x12B)
[0713/174230.172:ERROR:process_memory_win.cc(73)] ReadMemory at 0x363be75930 of 68 bytes failed: Only part of a ReadProcessMemory or WriteProcessMemory request was completed. (0x12B)
[0713/174230.173:ERROR:process_memory_win.cc(73)] ReadMemory at 0x363be75980 of 132 bytes failed: Only part of a ReadProcessMemory or WriteProcessMemory request was completed. (0x12B)
[0713/174230.173:ERROR:process_memory_win.cc(73)] ReadMemory at 0x363be766e0 of 132 bytes failed: Only part of a ReadProcessMemory or WriteProcessMemory request was completed. (0x12B)
[0713/174230.173:ERROR:process_memory_win.cc(73)] ReadMemory at 0x363be76930 of 62 bytes failed: Only part of a ReadProcessMemory or WriteProcessMemory request was completed. (0x12B)
[0713/174230.173:ERROR:process_memory_win.cc(73)] ReadMemory at 0x363be76980 of 132 bytes failed: Only part of a ReadProcessMemory or WriteProcessMemory request was completed. (0x12B)
[0713/174230.173:ERROR:process_memory_win.cc(73)] ReadMemory at 0x363be76c20 of 60 bytes failed: Only part of a ReadProcessMemory or WriteProcessMemory request was completed. (0x12B)
[0713/174230.173:ERROR:process_memory_win.cc(73)] ReadMemory at 0x363be77ac0 of 132 bytes failed: Only part of a ReadProcessMemory or WriteProcessMemory request was completed. (0x12B)
[0713/174230.173:ERROR:process_memory_win.cc(73)] ReadMemory at 0x363be795e0 of 132 bytes failed: Only part of a ReadProcessMemory or WriteProcessMemory request was completed. (0x12B)
[0713/174230.174:ERROR:process_memory_win.cc(73)] ReadMemory at 0x363be79b60 of 132 bytes failed: Only part of a ReadProcessMemory or WriteProcessMemory request was completed. (0x12B)
[0713/174230.174:ERROR:process_memory_win.cc(73)] ReadMemory at 0x363be79c80 of 146 bytes failed: Only part of a ReadProcessMemory or WriteProcessMemory request was completed. (0x12B)
[0713/174230.174:ERROR:process_memory_win.cc(73)] ReadMemory at 0x363be7c2b0 of 132 bytes failed: Only part of a ReadProcessMemory or WriteProcessMemory request was completed. (0x12B)
[0713/174230.174:ERROR:process_memory_win.cc(73)] ReadMemory at 0x363be7c860 of 80 bytes failed: Only part of a ReadProcessMemory or WriteProcessMemory request was completed. (0x12B)
[0713/174230.174:ERROR:process_memory_win.cc(73)] ReadMemory at 0x363be7d080 of 132 bytes failed: Only part of a ReadProcessMemory or WriteProcessMemory request was completed. (0x12B)
[0713/174230.174:ERROR:process_memory_win.cc(73)] ReadMemory at 0x363be7d1a0 of 132 bytes failed: Only part of a ReadProcessMemory or WriteProcessMemory request was completed. (0x12B)
[0713/174230.174:ERROR:process_memory_win.cc(73)] ReadMemory at 0x363be7d480 of 60 bytes failed: Only part of a ReadProcessMemory or WriteProcessMemory request was completed. (0x12B)
[0713/174230.174:ERROR:process_memory_win.cc(73)] ReadMemory at 0x363be7d4d0 of 64 bytes failed: Only part of a ReadProcessMemory or WriteProcessMemory request was completed. (0x12B)
[0713/174230.174:ERROR:process_memory_win.cc(73)] ReadMemory at 0x363be7d520 of 62 bytes failed: Only part of a ReadProcessMemory or WriteProcessMemory request was completed. (0x12B)
[0713/174230.174:ERROR:process_memory_win.cc(73)] ReadMemory at 0x363be7d570 of 64 bytes failed: Only part of a ReadProcessMemory or WriteProcessMemory request was completed. (0x12B)
[0713/174230.174:ERROR:process_memory_win.cc(73)] ReadMemory at 0x363be7d5c0 of 60 bytes failed: Only part of a ReadProcessMemory or WriteProcessMemory request was completed. (0x12B)
[0713/174230.175:ERROR:process_memory_win.cc(73)] ReadMemory at 0x363be7d610 of 62 bytes failed: Only part of a ReadProcessMemory or WriteProcessMemory request was completed. (0x12B)
[0713/174230.175:ERROR:process_memory_win.cc(73)] ReadMemory at 0x363be7d660 of 64 bytes failed: Only part of a ReadProcessMemory or WriteProcessMemory request was completed. (0x12B)
[0713/174230.175:ERROR:process_memory_win.cc(73)] ReadMemory at 0x363be7d6b0 of 60 bytes failed: Only part of a ReadProcessMemory or WriteProcessMemory request was completed. (0x12B)
[0713/174230.175:ERROR:process_memory_win.cc(73)] ReadMemory at 0x363be7d700 of 60 bytes failed: Only part of a ReadProcessMemory or WriteProcessMemory request was completed. (0x12B)
[0713/174230.175:ERROR:process_memory_win.cc(73)] ReadMemory at 0x363be7d750 of 62 bytes failed: Only part of a ReadProcessMemory or WriteProcessMemory request was completed. (0x12B)
[0713/174230.175:ERROR:process_memory_win.cc(73)] ReadMemory at 0x363be7d7f0 of 64 bytes failed: Only part of a ReadProcessMemory or WriteProcessMemory request was completed. (0x12B)
[0713/174230.175:ERROR:process_memory_win.cc(73)] ReadMemory at 0x363be7d840 of 62 bytes failed: Only part of a ReadProcessMemory or WriteProcessMemory request was completed. (0x12B)
[0713/174230.175:ERROR:process_memory_win.cc(73)] ReadMemory at 0x363be7d890 of 62 bytes failed: Only part of a ReadProcessMemory or WriteProcessMemory request was completed. (0x12B)
[0713/174230.175:ERROR:process_memory_win.cc(73)] ReadMemory at 0x363be7d8e0 of 62 bytes failed: Only part of a ReadProcessMemory or WriteProcessMemory request was completed. (0x12B)
[0713/174230.175:ERROR:process_memory_win.cc(73)] ReadMemory at 0x363be7d930 of 60 bytes failed: Only part of a ReadProcessMemory or WriteProcessMemory request was completed. (0x12B)
[0713/174230.175:ERROR:process_memory_win.cc(73)] ReadMemory at 0x363be7d980 of 64 bytes failed: Only part of a ReadProcessMemory or WriteProcessMemory request was completed. (0x12B)
[0713/174230.176:ERROR:process_memory_win.cc(73)] ReadMemory at 0x363be7d9d0 of 64 bytes failed: Only part of a ReadProcessMemory or WriteProcessMemory request was completed. (0x12B)
[0713/174230.176:ERROR:process_memory_win.cc(73)] ReadMemory at 0x363be7da20 of 58 bytes failed: Only part of a ReadProcessMemory or WriteProcessMemory request was completed. (0x12B)
[0713/174230.176:ERROR:process_memory_win.cc(73)] ReadMemory at 0x363be7da70 of 66 bytes failed: Only part of a ReadProcessMemory or WriteProcessMemory request was completed. (0x12B)
[0713/174230.176:ERROR:process_memory_win.cc(73)] ReadMemory at 0x363be7dac0 of 60 bytes failed: Only part of a ReadProcessMemory or WriteProcessMemory request was completed. (0x12B)
[0713/174230.176:ERROR:process_memory_win.cc(73)] ReadMemory at 0x363be7db10 of 62 bytes failed: Only part of a ReadProcessMemory or WriteProcessMemory request was completed. (0x12B)
[0713/174230.176:ERROR:process_memory_win.cc(73)] ReadMemory at 0x363be7db60 of 62 bytes failed: Only part of a ReadProcessMemory or WriteProcessMemory request was completed. (0x12B)
[0713/174230.176:ERROR:process_memory_win.cc(73)] ReadMemory at 0x363be7dbb0 of 62 bytes failed: Only part of a ReadProcessMemory or WriteProcessMemory request was completed. (0x12B)
[0713/174230.176:ERROR:process_memory_win.cc(73)] ReadMemory at 0x363be7fe40 of 132 bytes failed: Only part of a ReadProcessMemory or WriteProcessMemory request was completed. (0x12B)
[0713/174230.176:ERROR:process_memory_win.cc(73)] ReadMemory at 0x363be7ff60 of 132 bytes failed: Only part of a ReadProcessMemory or WriteProcessMemory request was completed. (0x12B)
[0713/174230.176:ERROR:process_memory_win.cc(73)] ReadMemory at 0x363be80490 of 54 bytes failed: Only part of a ReadProcessMemory or WriteProcessMemory request was completed. (0x12B)
[0713/174230.176:ERROR:process_memory_win.cc(73)] ReadMemory at 0x363be80bc0 of 132 bytes failed: Only part of a ReadProcessMemory or WriteProcessMemory request was completed. (0x12B)
[0713/174230.176:ERROR:process_memory_win.cc(73)] ReadMemory at 0x363be80ce0 of 132 bytes failed: Only part of a ReadProcessMemory or WriteProcessMemory request was completed. (0x12B)
[0713/174230.176:ERROR:process_memory_win.cc(73)] ReadMemory at 0x363be80e00 of 132 bytes failed: Only part of a ReadProcessMemory or WriteProcessMemory request was completed. (0x12B)
[0713/174230.177:ERROR:process_memory_win.cc(73)] ReadMemory at 0x363be80f70 of 132 bytes failed: Only part of a ReadProcessMemory or WriteProcessMemory request was completed. (0x12B)
[0713/174230.177:ERROR:process_memory_win.cc(73)] ReadMemory at 0x363be81090 of 132 bytes failed: Only part of a ReadProcessMemory or WriteProcessMemory request was completed. (0x12B)
[0713/174230.177:ERROR:process_memory_win.cc(73)] ReadMemory at 0x363be811b0 of 132 bytes failed: Only part of a ReadProcessMemory or WriteProcessMemory request was completed. (0x12B)
[0713/174230.177:ERROR:process_memory_win.cc(73)] ReadMemory at 0x363be812d0 of 132 bytes failed: Only part of a ReadProcessMemory or WriteProcessMemory request was completed. (0x12B)
[0713/174230.177:ERROR:process_memory_win.cc(73)] ReadMemory at 0x363be813f0 of 132 bytes failed: Only part of a ReadProcessMemory or WriteProcessMemory request was completed. (0x12B)
[0713/174230.177:ERROR:process_memory_win.cc(73)] ReadMemory at 0x363be81510 of 132 bytes failed: Only part of a ReadProcessMemory or WriteProcessMemory request was completed. (0x12B)
[0713/174230.177:ERROR:process_memory_win.cc(73)] ReadMemory at 0x363be81630 of 132 bytes failed: Only part of a ReadProcessMemory or WriteProcessMemory request was completed. (0x12B)
[0713/174230.177:ERROR:process_memory_win.cc(73)] ReadMemory at 0x363be81750 of 132 bytes failed: Only part of a ReadProcessMemory or WriteProcessMemory request was completed. (0x12B)
[0713/174230.177:ERROR:process_memory_win.cc(73)] ReadMemory at 0x363be81870 of 132 bytes failed: Only part of a ReadProcessMemory or WriteProcessMemory request was completed. (0x12B)
[0713/174230.177:ERROR:process_memory_win.cc(73)] ReadMemory at 0x363be81990 of 132 bytes failed: Only part of a ReadProcessMemory or WriteProcessMemory request was completed. (0x12B)
[0713/174230.177:ERROR:process_memory_win.cc(73)] ReadMemory at 0x363be81ab0 of 132 bytes failed: Only part of a ReadProcessMemory or WriteProcessMemory request was completed. (0x12B)
[0713/174230.177:ERROR:process_memory_win.cc(73)] ReadMemory at 0x363be81bd0 of 132 bytes failed: Only part of a ReadProcessMemory or WriteProcessMemory request was completed. (0x12B)
[0713/174230.177:ERROR:process_memory_win.cc(73)] ReadMemory at 0x363be81cf0 of 132 bytes failed: Only part of a ReadProcessMemory or WriteProcessMemory request was completed. (0x12B)
[0713/174230.177:ERROR:process_memory_win.cc(73)] ReadMemory at 0x363be82400 of 80 bytes failed: Only part of a ReadProcessMemory or WriteProcessMemory request was completed. (0x12B)
[0713/174230.178:ERROR:process_memory_win.cc(73)] ReadMemory at 0x363be84920 of 132 bytes failed: Only part of a ReadProcessMemory or WriteProcessMemory request was completed. (0x12B)
[0713/174230.178:ERROR:process_memory_win.cc(73)] ReadMemory at 0x363be84b60 of 132 bytes failed: Only part of a ReadProcessMemory or WriteProcessMemory request was completed. (0x12B)
[0713/174230.178:ERROR:process_memory_win.cc(73)] ReadMemory at 0x363be84c80 of 132 bytes failed: Only part of a ReadProcessMemory or WriteProcessMemory request was completed. (0x12B)
[0713/174230.178:ERROR:process_memory_win.cc(73)] ReadMemory at 0x363be84da0 of 132 bytes failed: Only part of a ReadProcessMemory or WriteProcessMemory request was completed. (0x12B)
[0713/174230.178:ERROR:process_memory_win.cc(73)] ReadMemory at 0x363be84ec0 of 132 bytes failed: Only part of a ReadProcessMemory or WriteProcessMemory request was completed. (0x12B)
[0713/174230.178:ERROR:process_memory_win.cc(73)] ReadMemory at 0x363be84fe0 of 132 bytes failed: Only part of a ReadProcessMemory or WriteProcessMemory request was completed. (0x12B)
[0713/174230.178:ERROR:process_memory_win.cc(73)] ReadMemory at 0x363be85c40 of 132 bytes failed: Only part of a ReadProcessMemory or WriteProcessMemory request was completed. (0x12B)
[0713/174230.178:ERROR:process_memory_win.cc(73)] ReadMemory at 0x363be85d60 of 132 bytes failed: Only part of a ReadProcessMemory or WriteProcessMemory request was completed. (0x12B)
[0713/174230.178:ERROR:process_memory_win.cc(73)] ReadMemory at 0x363be85e80 of 132 bytes failed: Only part of a ReadProcessMemory or WriteProcessMemory request was completed. (0x12B)
[0713/174230.178:ERROR:process_memory_win.cc(73)] ReadMemory at 0x363be860c0 of 132 bytes failed: Only part of a ReadProcessMemory or WriteProcessMemory request was completed. (0x12B)
[0713/174230.178:ERROR:process_memory_win.cc(73)] ReadMemory at 0x363be870e0 of 58 bytes failed: Only part of a ReadProcessMemory or WriteProcessMemory request was completed. (0x12B)
[0713/174230.178:ERROR:process_memory_win.cc(73)] ReadMemory at 0x363be87270 of 58 bytes failed: Only part of a ReadProcessMemory or WriteProcessMemory request was completed. (0x12B)
[0713/174230.178:ERROR:process_memory_win.cc(73)] ReadMemory at 0x363be872c0 of 58 bytes failed: Only part of a ReadProcessMemory or WriteProcessMemory request was completed. (0x12B)
[0713/174230.179:ERROR:process_memory_win.cc(73)] ReadMemory at 0x363be873b0 of 60 bytes failed: Only part of a ReadProcessMemory or WriteProcessMemory request was completed. (0x12B)
[0713/174230.179:ERROR:process_memory_win.cc(73)] ReadMemory at 0x363be87900 of 64 bytes failed: Only part of a ReadProcessMemory or WriteProcessMemory request was completed. (0x12B)
[0713/174230.179:ERROR:process_memory_win.cc(73)] ReadMemory at 0x363be87db0 of 66 bytes failed: Only part of a ReadProcessMemory or WriteProcessMemory request was completed. (0x12B)
[0713/174230.179:ERROR:process_memory_win.cc(73)] ReadMemory at 0x363be8be40 of 512 bytes failed: Only part of a ReadProcessMemory or WriteProcessMemory request was completed. (0x12B)
[0713/174230.179:ERROR:process_memory_win.cc(73)] ReadMemory at 0x363be8d460 of 512 bytes failed: Only part of a ReadProcessMemory or WriteProcessMemory request was completed. (0x12B)
[0713/174230.179:ERROR:process_memory_win.cc(73)] ReadMemory at 0x363c0b3780 of 512 bytes failed: Only part of a ReadProcessMemory or WriteProcessMemory request was completed. (0x12B)
[0713/174230.179:ERROR:process_memory_win.cc(73)] ReadMemory at 0x363c8d7c38 of 512 bytes failed: Only part of a ReadProcessMemory or WriteProcessMemory request was completed. (0x12B)
[0713/174230.179:ERROR:process_memory_win.cc(73)] ReadMemory at 0x363c8f3150 of 512 bytes failed: Only part of a ReadProcessMemory or WriteProcessMemory request was completed. (0x12B)
[0713/174230.179:ERROR:process_memory_win.cc(73)] ReadMemory at 0x363c8f5530 of 512 bytes failed: Only part of a ReadProcessMemory or WriteProcessMemory request was completed. (0x12B)
[0713/174230.179:ERROR:process_memory_win.cc(73)] ReadMemory at 0x363c901120 of 712 bytes failed: Only part of a ReadProcessMemory or WriteProcessMemory request was completed. (0x12B)
[0713/174230.179:ERROR:process_memory_win.cc(73)] ReadMemory at 0x363c90ffb0 of 512 bytes failed: Only part of a ReadProcessMemory or WriteProcessMemory request was completed. (0x12B)
[0713/174230.179:ERROR:process_memory_win.cc(73)] ReadMemory at 0x363c91d368 of 512 bytes failed: Only part of a ReadProcessMemory or WriteProcessMemory request was completed. (0x12B)
[0713/174230.179:ERROR:process_memory_win.cc(73)] ReadMemory at 0x363c955f50 of 512 bytes failed: Only part of a ReadProcessMemory or WriteProcessMemory request was completed. (0x12B)
[0713/174230.179:ERROR:process_memory_win.cc(73)] ReadMemory at 0x3640f76010 of 512 bytes failed: Only part of a ReadProcessMemory or WriteProcessMemory request was completed. (0x12B)
[0713/174230.180:ERROR:process_memory_win.cc(73)] ReadMemory at 0x3641b6b490 of 512 bytes failed: Only part of a ReadProcessMemory or WriteProcessMemory request was completed. (0x12B)
[0713/174230.180:ERROR:process_memory_win.cc(73)] ReadMemory at 0x3644c05830 of 512 bytes failed: Only part of a ReadProcessMemory or WriteProcessMemory request was completed. (0x12B)
[0713/174230.180:ERROR:process_memory_win.cc(73)] ReadMemory at 0x3644dd8200 of 512 bytes failed: Only part of a ReadProcessMemory or WriteProcessMemory request was completed. (0x12B)
[0713/174230.180:ERROR:process_memory_win.cc(73)] ReadMemory at 0x3644de59d7 of 512 bytes failed: Only part of a ReadProcessMemory or WriteProcessMemory request was completed. (0x12B)
[0713/174230.180:ERROR:process_memory_win.cc(73)] ReadMemory at 0x364abb6d80 of 512 bytes failed: Only part of a ReadProcessMemory or WriteProcessMemory request was completed. (0x12B)
[0713/174230.180:ERROR:process_memory_win.cc(73)] ReadMemory at 0x364abb7d20 of 512 bytes failed: Only part of a ReadProcessMemory or WriteProcessMemory request was completed. (0x12B)
[0713/174230.180:ERROR:process_memory_win.cc(73)] ReadMemory at 0x36532e9f9a of 512 bytes failed: Only part of a ReadProcessMemory or WriteProcessMemory request was completed. (0x12B)
[0713/174230.180:ERROR:process_memory_win.cc(73)] ReadMemory at 0x526d00000000 of 384 bytes failed: Only part of a ReadProcessMemory or WriteProcessMemory request was completed. (0x12B)
[0713/174230.180:ERROR:process_memory_win.cc(73)] ReadMemory at 0x526d08f159f9 of 512 bytes failed: Only part of a ReadProcessMemory or WriteProcessMemory request was completed. (0x12B)
[0713/174230.180:ERROR:process_memory_win.cc(73)] ReadMemory at 0x526d0e5d3f64 of 512 bytes failed: Only part of a ReadProcessMemory or WriteProcessMemory request was completed. (0x12B)
[0713/174230.180:ERROR:process_memory_win.cc(73)] ReadMemory at 0x7ff76dddc000 of 6024 bytes failed: Only part of a ReadProcessMemory or WriteProcessMemory request was completed. (0x12B)
[0713/174230.180:ERROR:process_memory_win.cc(73)] ReadMemory at 0x7ff76ddde000 of 6024 bytes failed: Only part of a ReadProcessMemory or WriteProcessMemory request was completed. (0x12B)
[0713/174230.180:ERROR:process_memory_win.cc(73)] ReadMemory at 0x7ff76dde0000 of 6024 bytes failed: Only part of a ReadProcessMemory or WriteProcessMemory request was completed. (0x12B)
[0713/174230.181:ERROR:process_memory_win.cc(73)] ReadMemory at 0x7ff76dde2000 of 6024 bytes failed: Only part of a ReadProcessMemory or WriteProcessMemory request was completed. (0x12B)
[0713/174230.181:ERROR:process_memory_win.cc(73)] ReadMemory at 0x7ff76dde4000 of 6024 bytes failed: Only part of a ReadProcessMemory or WriteProcessMemory request was completed. (0x12B)
[0713/174230.181:ERROR:process_memory_win.cc(73)] ReadMemory at 0x7ff76dde6000 of 6024 bytes failed: Only part of a ReadProcessMemory or WriteProcessMemory request was completed. (0x12B)
[0713/174230.181:ERROR:process_memory_win.cc(73)] ReadMemory at 0x7ff76dde8000 of 6024 bytes failed: Only part of a ReadProcessMemory or WriteProcessMemory request was completed. (0x12B)
[0713/174230.181:ERROR:process_memory_win.cc(73)] ReadMemory at 0x7ff76ddea000 of 6024 bytes failed: Only part of a ReadProcessMemory or WriteProcessMemory request was completed. (0x12B)
[0713/174230.181:ERROR:process_memory_win.cc(73)] ReadMemory at 0x7ff76ddec000 of 6024 bytes failed: Only part of a ReadProcessMemory or WriteProcessMemory request was completed. (0x12B)
[0713/174230.181:ERROR:process_memory_win.cc(73)] ReadMemory at 0x7ff76ddee000 of 6024 bytes failed: Only part of a ReadProcessMemory or WriteProcessMemory request was completed. (0x12B)
[0713/174230.181:ERROR:process_memory_win.cc(73)] ReadMemory at 0x7ff76df13000 of 6024 bytes failed: Only part of a ReadProcessMemory or WriteProcessMemory request was completed. (0x12B)
[0713/174230.181:ERROR:process_memory_win.cc(73)] ReadMemory at 0x7ff76df15000 of 6024 bytes failed: Only part of a ReadProcessMemory or WriteProcessMemory request was completed. (0x12B)
[0713/174230.182:ERROR:process_memory_win.cc(73)] ReadMemory at 0x7ff76df17000 of 6024 bytes failed: Only part of a ReadProcessMemory or WriteProcessMemory request was completed. (0x12B)
[0713/174230.182:ERROR:process_memory_win.cc(73)] ReadMemory at 0x7ff76df19000 of 6024 bytes failed: Only part of a ReadProcessMemory or WriteProcessMemory request was completed. (0x12B)
[0713/174230.182:ERROR:process_memory_win.cc(73)] ReadMemory at 0x7ff76df1b000 of 6024 bytes failed: Only part of a ReadProcessMemory or WriteProcessMemory request was completed. (0x12B)
[0713/174230.182:ERROR:process_memory_win.cc(73)] ReadMemory at 0x7ff76df1d000 of 6024 bytes failed: Only part of a ReadProcessMemory or WriteProcessMemory request was completed. (0x12B)
[0713/174230.182:ERROR:process_memory_win.cc(73)] ReadMemory at 0x7ff76df1f000 of 852 bytes failed: Only part of a ReadProcessMemory or WriteProcessMemory request was completed. (0x12B)
[0713/174230.182:ERROR:process_memory_win.cc(73)] ReadMemory at 0x7ffc37c219ee of 520 bytes failed: Only part of a ReadProcessMemory or WriteProcessMemory request was completed. (0x12B)
[0713/174230.182:ERROR:process_memory_win.cc(73)] ReadMemory at 0x7ffc37c220bc of 512 bytes failed: Only part of a ReadProcessMemory or WriteProcessMemory request was completed. (0x12B)
[0713/174230.182:ERROR:process_memory_win.cc(73)] ReadMemory at 0x7ffc4d4979a5 of 512 bytes failed: Only part of a ReadProcessMemory or WriteProcessMemory request was completed. (0x12B)
[0713/174230.182:ERROR:process_memory_win.cc(73)] ReadMemory at 0x7ffc4d498180 of 512 bytes failed: Only part of a ReadProcessMemory or WriteProcessMemory request was completed. (0x12B)
[0713/174230.183:ERROR:process_memory_win.cc(73)] ReadMemory at 0x7ffc79da5750 of 512 bytes failed: Only part of a ReadProcessMemory or WriteProcessMemory request was completed. (0x12B)
[0713/174230.183:ERROR:process_memory_win.cc(73)] ReadMemory at 0x7ffc79da95e0 of 18 bytes failed: Only part of a ReadProcessMemory or WriteProcessMemory request was completed. (0x12B)
[0713/174230.183:ERROR:process_memory_win.cc(73)] ReadMemory at 0x7ffc79dbc7e0 of 512 bytes failed: Only part of a ReadProcessMemory or WriteProcessMemory request was completed. (0x12B)
[0713/174230.183:ERROR:process_memory_win.cc(73)] ReadMemory at 0x7ffc79dda850 of 512 bytes failed: Only part of a ReadProcessMemory or WriteProcessMemory request was completed. (0x12B)
[0713/174230.183:ERROR:process_memory_win.cc(73)] ReadMemory at 0x7ffc79e306ca of 592 bytes failed: Only part of a ReadProcessMemory or WriteProcessMemory request was completed. (0x12B)
[0713/174230.183:ERROR:process_memory_win.cc(73)] ReadMemory at 0x7ffc79e3214a of 560 bytes failed: Only part of a ReadProcessMemory or WriteProcessMemory request was completed. (0x12B)
[0713/174230.183:ERROR:process_memory_win.cc(73)] ReadMemory at 0x7ffc79e346cb of 512 bytes failed: Only part of a ReadProcessMemory or WriteProcessMemory request was completed. (0x12B)
[0713/174230.183:ERROR:process_memory_win.cc(73)] ReadMemory at 0x7ffc79ece8a8 of 40 bytes failed: Only part of a ReadProcessMemory or WriteProcessMemory request was completed. (0x12B)
[0713/174230.183:ERROR:process_memory_win.cc(73)] ReadMemory at 0x7ffc79ecebe0 of 48 bytes failed: Only part of a ReadProcessMemory or WriteProcessMemory request was completed. (0x12B)
[0713/174230.183:ERROR:process_memory_win.cc(73)] ReadMemory at 0x7ffc79ed1320 of 64 bytes failed: Only part of a ReadProcessMemory or WriteProcessMemory request was completed. (0x12B)
[0713/174230.188:ERROR:scoped_process_suspend.cc(40)] NtResumeProcess: An attempt was made to access an exiting process. (0xc000010a)
